\BOOKMARK [0][-]{chapter.1}{\376\377\000I\000n\000t\000r\000o\000d\000u\000\347\000\343\000o}{}% 1
\BOOKMARK [1][-]{section.1.1}{\376\377\000P\000r\000i\000v\000a\000c\000i\000d\000a\000d\000e}{chapter.1}% 2
\BOOKMARK [1][-]{section.1.2}{\376\377\000V\000i\000g\000i\000l\000\342\000n\000c\000i\000a}{chapter.1}% 3
\BOOKMARK [1][-]{section.1.3}{\376\377\000M\000a\000r\000c\000o\000\040\000R\000e\000g\000u\000l\000a\000t\000\363\000r\000i\000o}{chapter.1}% 4
\BOOKMARK [1][-]{section.1.4}{\376\377\000V\000i\000g\000i\000l\000\342\000n\000c\000i\000a\000\040\000D\000i\000g\000i\000t\000a\000l\000\040\000e\000m\000\040\000M\000a\000s\000s\000a}{chapter.1}% 5
\BOOKMARK [1][-]{section.1.5}{\376\377\000S\000e\000g\000u\000r\000a\000n\000\347\000a\000\040\000d\000a\000\040\000I\000n\000f\000o\000r\000m\000a\000\347\000\343\000o}{chapter.1}% 6
\BOOKMARK [0][-]{chapter.2}{\376\377\000C\000i\000f\000r\000a\000s\000\040\000C\000l\000\341\000s\000s\000i\000c\000a\000s}{}% 7
\BOOKMARK [1][-]{section.2.1}{\376\377\000C\000i\000f\000r\000a\000\040\000d\000e\000\040\000D\000e\000s\000l\000o\000c\000a\000m\000e\000n\000t\000o}{chapter.2}% 8
\BOOKMARK [1][-]{section.2.2}{\376\377\000C\000i\000f\000r\000a\000\040\000d\000e\000\040\000S\000u\000b\000s\000t\000i\000t\000u\000i\000\347\000\343\000o}{chapter.2}% 9
\BOOKMARK [1][-]{section.2.3}{\376\377\000C\000i\000f\000r\000a\000\040\000d\000e\000\040\000V\000i\000g\000e\000n\000\350\000r\000e}{chapter.2}% 10
\BOOKMARK [1][-]{section.2.4}{\376\377\000M\000\341\000q\000u\000i\000n\000a\000s\000\040\000d\000e\000\040\000C\000r\000i\000p\000t\000o\000g\000r\000a\000f\000a\000r}{chapter.2}% 11
\BOOKMARK [1][-]{section.2.5}{\376\377\000C\000r\000i\000p\000t\000o\000a\000n\000\341\000l\000i\000s\000e}{chapter.2}% 12
\BOOKMARK [2][-]{subsection.2.5.1}{\376\377\000A\000t\000a\000q\000u\000e\000s\000\040\000F\000o\000r\000\347\000a\000\040\000B\000r\000u\000t\000a}{section.2.5}% 13
\BOOKMARK [2][-]{subsection.2.5.2}{\376\377\000A\000t\000a\000q\000u\000e\000s\000\040\000d\000e\000\040\000F\000r\000e\000q\000u\000\352\000n\000c\000i\000a}{section.2.5}% 14
\BOOKMARK [2][-]{subsection.2.5.3}{\376\377\000A\000t\000a\000q\000u\000e\000s\000\040\000\340\000\040\000`\000`\000C\000i\000f\000r\000a\000\040\000I\000n\000v\000e\000n\000c\000\355\000v\000e\000l\000'\000'}{section.2.5}% 15
\BOOKMARK [1][-]{section.2.6}{\376\377\000E\000x\000e\000r\000c\000\355\000c\000i\000o}{chapter.2}% 16
\BOOKMARK [0][-]{chapter.3}{\376\377\000C\000r\000i\000p\000t\000o\000g\000r\000a\000f\000i\000a\000\040\000M\000o\000d\000e\000r\000n\000a}{}% 17
\BOOKMARK [1][-]{section.3.1}{\376\377\000S\000i\000g\000i\000l\000o\000\040\000P\000e\000r\000f\000e\000i\000t\000o}{chapter.3}% 18
\BOOKMARK [1][-]{section.3.2}{\376\377\000O\000n\000e\000\040\000T\000i\000m\000e\000\040\000P\000a\000d}{chapter.3}% 19
\BOOKMARK [1][-]{section.3.3}{\376\377\000A\000b\000o\000r\000d\000a\000g\000e\000m\000\040\000A\000s\000s\000i\000n\000t\000\363\000t\000i\000c\000a}{chapter.3}% 20
\BOOKMARK [1][-]{section.3.4}{\376\377\000E\000x\000e\000r\000c\000\355\000c\000i\000o\000s}{chapter.3}% 21
\BOOKMARK [0][-]{chapter.4}{\376\377\000C\000i\000f\000r\000a\000s\000\040\000d\000e\000\040\000F\000l\000u\000x\000o}{}% 22
\BOOKMARK [1][-]{section.4.1}{\376\377\000S\000e\000g\000u\000r\000a\000n\000\347\000a\000\040\000d\000a\000s\000\040\000C\000i\000f\000r\000a\000s\000\040\000d\000e\000\040\000F\000l\000u\000x\000o}{chapter.4}% 23
\BOOKMARK [1][-]{section.4.2}{\376\377\000M\000o\000d\000o\000s\000\040\000d\000e\000\040\000O\000p\000e\000r\000a\000\347\000\343\000o}{chapter.4}% 24
\BOOKMARK [1][-]{section.4.3}{\376\377\000C\000o\000n\000s\000t\000r\000u\000\347\000\365\000e\000s\000\040\000P\000r\000\341\000t\000i\000c\000a\000s}{chapter.4}% 25
\BOOKMARK [2][-]{subsection.4.3.1}{\376\377\000L\000i\000n\000e\000a\000r\000-\000F\000e\000e\000d\000b\000a\000c\000k\000\040\000S\000h\000i\000f\000t\000\040\000R\000e\000g\000i\000s\000t\000e\000r\000s}{section.4.3}% 26
\BOOKMARK [2][-]{subsection.4.3.2}{\376\377\000T\000r\000i\000v\000i\000u\000m}{section.4.3}% 27
\BOOKMARK [1][-]{section.4.4}{\376\377\000E\000x\000e\000r\000c\000i\000c\000i\000o\000s}{chapter.4}% 28
\BOOKMARK [0][-]{chapter.5}{\376\377\000C\000i\000f\000r\000a\000s\000\040\000d\000e\000\040\000B\000l\000o\000c\000o}{}% 29
\BOOKMARK [1][-]{section.5.1}{\376\377\000M\000o\000d\000o\000s\000\040\000d\000e\000\040\000O\000p\000e\000r\000a\000\347\000\343\000o}{chapter.5}% 30
\BOOKMARK [1][-]{section.5.2}{\376\377\000C\000o\000n\000s\000t\000r\000u\000\347\000\365\000e\000s\000\040\000P\000r\000\341\000t\000i\000c\000a\000s}{chapter.5}% 31
\BOOKMARK [2][-]{subsection.5.2.1}{\376\377\000D\000a\000t\000a\000\040\000E\000n\000c\000r\000y\000p\000t\000i\000o\000n\000\040\000S\000t\000a\000n\000d\000a\000r\000d\000\040\000\050\000D\000E\000S\000\051}{section.5.2}% 32
\BOOKMARK [2][-]{subsection.5.2.2}{\376\377\000A\000d\000v\000a\000n\000c\000e\000d\000\040\000E\000n\000c\000r\000y\000p\000t\000i\000o\000n\000\040\000S\000t\000a\000n\000d\000a\000r\000d\000\040\000\050\000A\000E\000S\000\051}{section.5.2}% 33
\BOOKMARK [1][-]{section.5.3}{\376\377\000E\000x\000e\000r\000c\000\355\000c\000i\000o\000s}{chapter.5}% 34
\BOOKMARK [0][-]{chapter.6}{\376\377\000I\000n\000t\000e\000g\000r\000i\000d\000a\000d\000e\000\040\000e\000\040\000A\000u\000t\000e\000n\000t\000i\000c\000i\000d\000a\000d\000e}{}% 35
\BOOKMARK [1][-]{section.6.1}{\376\377\000C\000\363\000d\000i\000g\000o\000\040\000d\000e\000\040\000A\000u\000t\000e\000n\000t\000i\000c\000a\000\347\000\343\000o\000\040\000d\000e\000\040\000M\000e\000n\000s\000a\000g\000e\000m}{chapter.6}% 36
\BOOKMARK [2][-]{subsection.6.1.1}{\376\377\000C\000B\000C\000-\000M\000A\000C}{section.6.1}% 37
\BOOKMARK [1][-]{section.6.2}{\376\377\000C\000r\000i\000p\000t\000o\000g\000r\000a\000f\000i\000a\000\040\000A\000u\000t\000e\000n\000t\000i\000c\000a\000d\000a}{chapter.6}% 38
\BOOKMARK [2][-]{subsection.6.2.1}{\376\377\000C\000o\000m\000u\000n\000i\000c\000a\000\347\000\343\000o\000\040\000S\000e\000g\000u\000r\000a}{section.6.2}% 39
\BOOKMARK [1][-]{section.6.3}{\376\377\000E\000x\000e\000r\000c\000i\000c\000i\000o\000s}{chapter.6}% 40
\BOOKMARK [0][-]{chapter.7}{\376\377\000F\000u\000n\000\347\000\365\000e\000s\000\040\000d\000e\000\040\000H\000a\000s\000h}{}% 41
\BOOKMARK [1][-]{section.7.1}{\376\377\000C\000o\000n\000s\000t\000r\000u\000\347\000\365\000e\000s}{chapter.7}% 42
\BOOKMARK [2][-]{subsection.7.1.1}{\376\377\000S\000H\000A\000-\0001}{section.7.1}% 43
\BOOKMARK [1][-]{section.7.2}{\376\377\000A\000p\000l\000i\000c\000a\000\347\000\365\000e\000s}{chapter.7}% 44
\BOOKMARK [2][-]{subsection.7.2.1}{\376\377\000H\000M\000A\000C}{section.7.2}% 45
\BOOKMARK [2][-]{subsection.7.2.2}{\376\377\000F\000u\000n\000\347\000\365\000e\000s\000\040\000d\000e\000\040\000D\000e\000r\000i\000v\000a\000\347\000\343\000o\000\040\000d\000e\000\040\000C\000h\000a\000v\000e\000s}{section.7.2}% 46
\BOOKMARK [1][-]{section.7.3}{\376\377\000E\000x\000e\000r\000c\000\355\000c\000i\000o\000s}{chapter.7}% 47
\BOOKMARK [0][-]{chapter.8}{\376\377\000D\000i\000s\000t\000r\000i\000b\000u\000i\000\347\000\343\000o\000\040\000d\000e\000\040\000C\000h\000a\000v\000e\000s}{}% 48
\BOOKMARK [1][-]{section.8.1}{\376\377\000C\000e\000n\000t\000r\000o\000\040\000d\000e\000\040\000D\000i\000s\000t\000r\000i\000b\000u\000i\000\347\000\343\000o\000\040\000d\000e\000\040\000C\000h\000a\000v\000e\000s}{chapter.8}% 49
\BOOKMARK [1][-]{section.8.2}{\376\377\000P\000r\000o\000t\000o\000c\000o\000l\000o\000\040\000d\000e\000\040\000D\000i\000f\000f\000i\000e\000-\000H\000e\000l\000l\000m\000a\000n}{chapter.8}% 50
\BOOKMARK [1][-]{section.8.3}{\376\377\000E\000x\000e\000r\000c\000\355\000c\000i\000o\000s}{chapter.8}% 51
\BOOKMARK [0][-]{chapter.9}{\376\377\000C\000r\000i\000p\000t\000o\000g\000r\000a\000f\000i\000a\000\040\000A\000s\000s\000i\000m\000\351\000t\000r\000i\000c\000a}{}% 52
\BOOKMARK [1][-]{section.9.1}{\376\377\000E\000l\000\040\000G\000a\000m\000m\000a\000l}{chapter.9}% 53
\BOOKMARK [1][-]{section.9.2}{\376\377\000R\000S\000A}{chapter.9}% 54
\BOOKMARK [1][-]{section.9.3}{\376\377\000S\000i\000s\000t\000e\000m\000a\000s\000\040\000H\000\355\000b\000r\000i\000d\000o\000s}{chapter.9}% 55
\BOOKMARK [1][-]{section.9.4}{\376\377\000E\000x\000e\000r\000c\000\355\000c\000i\000o\000s}{chapter.9}% 56
\BOOKMARK [0][-]{chapter.10}{\376\377\000A\000s\000s\000i\000n\000a\000t\000u\000r\000a\000s\000\040\000D\000i\000g\000i\000t\000a\000i\000s\000\040\000e\000\040\000P\000K\000I}{}% 57
\BOOKMARK [1][-]{section.10.1}{\376\377\000A\000s\000s\000i\000n\000a\000t\000u\000r\000a\000\040\000R\000S\000A}{chapter.10}% 58
\BOOKMARK [1][-]{section.10.2}{\376\377\000I\000n\000f\000r\000a\000e\000s\000t\000r\000u\000t\000u\000r\000a\000\040\000d\000e\000\040\000C\000h\000a\000v\000e\000s\000\040\000P\000\372\000b\000l\000i\000c\000a\000s}{chapter.10}% 59
\BOOKMARK [1][-]{section.10.3}{\376\377\000E\000x\000e\000r\000c\000\355\000c\000i\000o\000s}{chapter.10}% 60
\BOOKMARK [0][-]{appendix.A}{\376\377\000C\000o\000r\000p\000o\000s\000\040\000F\000i\000n\000i\000t\000o\000s}{}% 61
\BOOKMARK [0][-]{appendix.B}{\376\377\000F\000u\000n\000\347\000\365\000e\000s\000\040\000d\000e\000\040\000M\000\343\000o\000\040\000\332\000n\000i\000c\000a}{}% 62
\BOOKMARK [0][-]{appendix.C}{\376\377\000S\000i\000s\000t\000e\000m\000a\000s\000\040\000H\000\355\000b\000r\000i\000d\000o\000s}{}% 63
\BOOKMARK [1][-]{section.C.1}{\376\377\000E\000l\000\040\000G\000a\000m\000m\000a\000l}{appendix.C}% 64
\BOOKMARK [1][-]{section.C.2}{\376\377\000R\000S\000A}{appendix.C}% 65
\BOOKMARK [0][-]{appendix.D}{\376\377\000G\000r\000u\000p\000o\000s\000\040\000C\000\355\000c\000l\000i\000c\000o\000s}{}% 66
\BOOKMARK [1][-]{section.D.1}{\376\377\000G\000r\000u\000p\000o\000s\000\040\000d\000e\000\040\000o\000r\000d\000e\000m\000\040\000p\000r\000i\000m\000a}{appendix.D}% 67
\BOOKMARK [1][-]{section.D.2}{\376\377\000C\000u\000r\000v\000a\000s\000\040\000E\000l\000\355\000p\000t\000i\000c\000a\000s}{appendix.D}% 68
\BOOKMARK [0][-]{appendix.E}{\376\377\000A\000l\000g\000o\000r\000i\000t\000m\000o\000\040\000d\000e\000\040\000A\000s\000s\000i\000n\000a\000t\000u\000r\000a\000s\000\040\000D\000i\000g\000i\000t\000a\000i\000s}{}% 69
\BOOKMARK [1][-]{section.E.1}{\376\377\000E\000s\000q\000u\000e\000m\000a\000s\000\040\000d\000e\000\040\000I\000d\000e\000n\000t\000i\000f\000i\000c\000a\000\347\000\343\000o}{appendix.E}% 70
\BOOKMARK [1][-]{section.E.2}{\376\377\000A\000l\000g\000o\000r\000i\000t\000m\000o\000\040\000d\000e\000\040\000A\000s\000s\000i\000n\000a\000t\000u\000r\000a\000\040\000D\000i\000g\000i\000t\000a\000l\000\040\000\050\000D\000S\000A\000\051}{appendix.E}% 71
\BOOKMARK [0][-]{appendix.F}{\376\377\000P\000r\000o\000t\000o\000c\000o\000l\000o\000s}{}% 72
\BOOKMARK [1][-]{section.F.1}{\376\377\000P\000r\000e\000t\000t\000y\000\040\000G\000o\000o\000d\000\040\000P\000r\000i\000v\000a\000c\000y}{appendix.F}% 73
\BOOKMARK [1][-]{section.F.2}{\376\377\000O\000f\000f\000\040\000T\000h\000e\000\040\000R\000e\000c\000o\000r\000d}{appendix.F}% 74
\BOOKMARK [1][-]{section.F.3}{\376\377\000S\000i\000g\000n\000a\000l}{appendix.F}% 75
